<?xml version="1.0" encoding="UTF-8"?>
<testng-results ignored="0" total="2" passed="2" failed="0" skipped="0">
  <reporter-output>
  </reporter-output>
  <suite started-at="2021-02-05T20:01:07 IST" name="Suite" finished-at="2021-02-05T20:01:15 IST" duration-ms="8518">
    <groups>
    </groups>
    <test started-at="2021-02-05T20:01:07 IST" name="Test" finished-at="2021-02-05T20:01:15 IST" duration-ms="8518">
      <class name="pack1.First">
        <test-method is-config="true" signature="m1()[pri:0, instance:pack1.First@79efed2d]" started-at="2021-02-05T20:01:07 IST" name="m1" finished-at="2021-02-05T20:01:14 IST" duration-ms="7742" status="PASS">
          <reporter-output>
          </reporter-output>
        </test-method> <!-- m1 -->
        <test-method signature="m2()[pri:0, instance:pack1.First@79efed2d]" started-at="2021-02-05T20:01:14 IST" name="m2" finished-at="2021-02-05T20:01:15 IST" duration-ms="523" status="PASS">
          <reporter-output>
          </reporter-output>
        </test-method> <!-- m2 -->
        <test-method signature="m3()[pri:0, instance:pack1.First@79efed2d]" started-at="2021-02-05T20:01:15 IST" name="m3" finished-at="2021-02-05T20:01:15 IST" duration-ms="179" status="PASS">
          <reporter-output>
          </reporter-output>
        </test-method> <!-- m3 -->
      </class> <!-- pack1.First -->
    </test> <!-- Test -->
  </suite> <!-- Suite -->
</testng-results>
