<?xml version="1.0" encoding="UTF-8"?>
<testsuite xmlns:xsi="http://www.w3.org/2001/XMLSchema-instance" xsi:noNamespaceSchemaLocation="https://maven.apache.org/surefire/maven-surefire-plugin/xsd/surefire-test-report-3.0.xsd" version="3.0" name="TestSuite" time="9.171" tests="2" errors="0" skipped="0" failures="0">
  <properties>
[...]
</properties>
  <testcase name="m2" classname="pack1.First" time="0.498">
    <system-err><![CDATA[SLF4J: Failed to load class "org.slf4j.impl.StaticLoggerBinder".
SLF4J: Defaulting to no-operation (NOP) logger implementation
SLF4J: See http://www.slf4j.org/codes.html#StaticLoggerBinder for further details.
1612535468488	geckodriver	INFO	Listening on 127.0.0.1:43296
1612535469374	mozrunner::runner	INFO	Running command: "C:\\Program Files\\Mozilla Firefox\\firefox.exe" "--marionette" "-foreground" "-no-remote" "-profile" "C:\\Users\\PRERNA~1\\AppData\\Local\\Temp\\rust_mozprofilejfWwmO"
console.warn: SearchSettings: "get: No settings file exists, new profile?" (new Error("", "(unknown module)"))
1612535472259	Marionette	INFO	Listening on port 59113
console.warn: SearchSettings: "get: No settings file exists, new profile?" (new Error("", "(unknown module)"))
1612535472585	Marionette	WARN	TLS certificate errors will be ignored for this session
1612535472602	Marionette	ERROR	[15] No reply from Marionette:Register
Feb 05, 2021 8:01:12 PM org.openqa.selenium.remote.ProtocolHandshake createSession
INFO: Detected dialect: W3C
JavaScript error: https://images-eu.ssl-images-amazon.com/images/I/11Y+5x+kkTL._RC|51IWYO5M+zL.js,112nmCqUymL.js,11giXtZCwVL.js,01+z+uIeJ-L.js,014NohEdE7L.js,21NNXfMitSL.js,11GXfd3+z+L.js,51gm4oPD2cL.js,11AHlQhPRjL.js,01Gpt4sPPhL.js,11OREnu1epL.js,11KbZymw5ZL.js,21r53SJg7LL.js,0190vxtlzcL.js,51JZZ9z7xBL.js,31Cj8gdjjAL.js,01Gf12ogmOL.js,01ezj5Rkz1L.js,11VS-C+YWGL.js,31pOTH2ZMRL.js,01rpauTep4L.js,01RhpdfyI0L.js_.js?AUIClients/AmazonUI&ooutlTyX#page_type-Gateway, line 150: SyntaxError: FontFaceSet.load: Invalid font shorthand
JavaScript error: https://images-eu.ssl-images-amazon.com/images/I/11Y+5x+kkTL._RC|51IWYO5M+zL.js,112nmCqUymL.js,11giXtZCwVL.js,01+z+uIeJ-L.js,014NohEdE7L.js,21NNXfMitSL.js,11GXfd3+z+L.js,51gm4oPD2cL.js,11AHlQhPRjL.js,01Gpt4sPPhL.js,11OREnu1epL.js,11KbZymw5ZL.js,21r53SJg7LL.js,0190vxtlzcL.js,51JZZ9z7xBL.js,31Cj8gdjjAL.js,01Gf12ogmOL.js,01ezj5Rkz1L.js,11VS-C+YWGL.js,31pOTH2ZMRL.js,01rpauTep4L.js,01RhpdfyI0L.js_.js?AUIClients/AmazonUI&ooutlTyX#page_type-Gateway, line 150: SyntaxError: FontFaceSet.load: Invalid font shorthand
JavaScript error: https://images-eu.ssl-images-amazon.com/images/I/11Y+5x+kkTL._RC|51IWYO5M+zL.js,112nmCqUymL.js,11giXtZCwVL.js,01+z+uIeJ-L.js,014NohEdE7L.js,21NNXfMitSL.js,11GXfd3+z+L.js,51gm4oPD2cL.js,11AHlQhPRjL.js,01Gpt4sPPhL.js,11OREnu1epL.js,11KbZymw5ZL.js,21r53SJg7LL.js,0190vxtlzcL.js,51JZZ9z7xBL.js,31Cj8gdjjAL.js,01Gf12ogmOL.js,01ezj5Rkz1L.js,11VS-C+YWGL.js,31pOTH2ZMRL.js,01rpauTep4L.js,01RhpdfyI0L.js_.js?AUIClients/AmazonUI&ooutlTyX#page_type-Gateway, line 150: SyntaxError: FontFaceSet.load: Invalid font shorthand
JavaScript error: https://images-eu.ssl-images-amazon.com/images/I/11Y+5x+kkTL._RC|51IWYO5M+zL.js,112nmCqUymL.js,11giXtZCwVL.js,01+z+uIeJ-L.js,014NohEdE7L.js,21NNXfMitSL.js,11GXfd3+z+L.js,51gm4oPD2cL.js,11AHlQhPRjL.js,01Gpt4sPPhL.js,11OREnu1epL.js,11KbZymw5ZL.js,21r53SJg7LL.js,0190vxtlzcL.js,51JZZ9z7xBL.js,31Cj8gdjjAL.js,01Gf12ogmOL.js,01ezj5Rkz1L.js,11VS-C+YWGL.js,31pOTH2ZMRL.js,01rpauTep4L.js,01RhpdfyI0L.js_.js?AUIClients/AmazonUI&ooutlTyX#page_type-Gateway, line 150: SyntaxError: FontFaceSet.load: Invalid font shorthand
]]></system-err>
  </testcase>
  <testcase name="m3" classname="pack1.First" time="0.157"/>
</testsuite>